<?xml version="1.0" encoding="UTF-8"?>
<testng-results ignored="0" total="1" passed="1" failed="0" skipped="0">
  <reporter-output>
  </reporter-output>
  <suite started-at="2022-09-10T10:47:43Z" name="Default suite" finished-at="2022-09-10T10:48:17Z" duration-ms="34014">
    <groups>
    </groups>
    <test started-at="2022-09-10T10:47:43Z" name="Default test" finished-at="2022-09-10T10:48:17Z" duration-ms="34014">
      <class name="Udemy.Appium.ScrollToElementTest">
        <test-method is-config="true" signature="setup()[pri:0, instance:Udemy.Appium.ScrollToElementTest@19c65cdc]" started-at="2022-09-10T10:47:43Z" name="setup" finished-at="2022-09-10T10:47:58Z" duration-ms="15468" status="PASS">
          <reporter-output>
          </reporter-output>
        </test-method> <!-- setup -->
        <test-method signature="validateLongPressTest()[pri:0, instance:Udemy.Appium.ScrollToElementTest@19c65cdc]" started-at="2022-09-10T10:47:58Z" name="validateLongPressTest" finished-at="2022-09-10T10:48:17Z" duration-ms="18496" status="PASS">
          <reporter-output>
          </reporter-output>
        </test-method> <!-- validateLongPressTest -->
      </class> <!-- Udemy.Appium.ScrollToElementTest -->
    </test> <!-- Default test -->
  </suite> <!-- Default suite -->
</testng-results>
