<?xml version="1.0" encoding="UTF-8"?>
<testng-results ignored="0" total="1" passed="1" failed="0" skipped="0">
  <reporter-output>
  </reporter-output>
  <suite started-at="2022-09-09T08:56:58Z" name="Default suite" finished-at="2022-09-09T08:57:26Z" duration-ms="27951">
    <groups>
    </groups>
    <test started-at="2022-09-09T08:56:58Z" name="Default test" finished-at="2022-09-09T08:57:26Z" duration-ms="27951">
      <class name="Udemy.Appium.HomePageTest">
        <test-method is-config="true" signature="setup()[pri:0, instance:Udemy.Appium.HomePageTest@59e505b2]" started-at="2022-09-09T08:56:58Z" name="setup" finished-at="2022-09-09T08:57:13Z" duration-ms="14978" status="PASS">
          <reporter-output>
          </reporter-output>
        </test-method> <!-- setup -->
        <test-method signature="validateh1HeadingTest()[pri:0, instance:Udemy.Appium.HomePageTest@59e505b2]" started-at="2022-09-09T08:57:13Z" name="validateh1HeadingTest" finished-at="2022-09-09T08:57:26Z" duration-ms="12493" status="PASS">
          <reporter-output>
          </reporter-output>
        </test-method> <!-- validateh1HeadingTest -->
        <test-method is-config="true" signature="tearDown()[pri:0, instance:Udemy.Appium.HomePageTest@59e505b2]" started-at="2022-09-09T08:57:26Z" name="tearDown" finished-at="2022-09-09T08:57:26Z" duration-ms="444" status="PASS">
          <reporter-output>
          </reporter-output>
        </test-method> <!-- tearDown -->
      </class> <!-- Udemy.Appium.HomePageTest -->
    </test> <!-- Default test -->
  </suite> <!-- Default suite -->
</testng-results>
